#
# There is insufficient memory for the Java Runtime Environment to continue.
# Native memory allocation (malloc) failed to allocate 1673632 bytes for Chunk::new
# Possible reasons:
#   The system is out of physical RAM or swap space
#   In 32 bit mode, the process size limit was hit
# Possible solutions:
#   Reduce memory load on the system
#   Increase physical memory or swap space
#   Check if swap backing store is full
#   Use 64 bit Java on a 64 bit OS
#   Decrease Java heap size (-Xmx/-Xms)
#   Decrease number of Java threads
#   Decrease Java thread stack sizes (-Xss)
#   Set larger code cache with -XX:ReservedCodeCacheSize=
# This output file may be truncated or incomplete.
#
#  Out of Memory Error (allocation.cpp:390), pid=6948, tid=0x0000000000001c4c
#
# JRE version: OpenJDK Runtime Environment (8.0_152-b01) (build 1.8.0_152-release-915-b01)
# Java VM: OpenJDK 64-Bit Server VM (25.152-b01 mixed mode windows-amd64 compressed oops)
# Failed to write core dump. Minidumps are not enabled by default on client versions of Windows
#

---------------  T H R E A D  ---------------

Current thread (0x000000001625b800):  JavaThread "C2 CompilerThread0" daemon [_thread_in_native, id=7244, stack(0x0000000017890000,0x0000000017990000)]

Stack: [0x0000000017890000,0x0000000017990000]
[error occurred during error reporting (printing stack bounds), id 0xc0000005]

Native frames: (J=compiled Java code, j=interpreted, Vv=VM code, C=native code)


Current CompileTask:
C2:   9809 2497       4       groovy.lang.MetaClassImpl::addMetaMethodToIndex (65 bytes)


---------------  P R O C E S S  ---------------

Java Threads: ( => current thread )
  0x0000000018715800 JavaThread "Cache worker for Artifact transforms cache (C:\Users\D\.gradle\caches\transforms-1)" [_thread_blocked, id=7856, stack(0x000000001e290000,0x000000001e390000)]
  0x000000001af0a000 JavaThread "Cache worker for file hash cache (I:\San Xuat App\VN Studio\vn-sacpin\.gradle\4.1\fileHashes)" [_thread_blocked, id=4568, stack(0x000000001bd50000,0x000000001be50000)]
  0x0000000019921000 JavaThread "File lock request listener" [_thread_in_native, id=8360, stack(0x000000001bc50000,0x000000001bd50000)]
  0x000000001ac88000 JavaThread "Cache worker for file hash cache (C:\Users\D\.gradle\caches\4.1\fileHashes)" [_thread_blocked, id=3768, stack(0x000000001b950000,0x000000001ba50000)]
  0x00000000192b9800 JavaThread "Stdin handler" [_thread_blocked, id=4100, stack(0x000000001a880000,0x000000001a980000)]
  0x0000000019231800 JavaThread "Asynchronous log dispatcher for DefaultDaemonConnection: socket connection from /127.0.0.1:53957 to /127.0.0.1:53958" [_thread_blocked, id=32, stack(0x000000001a780000,0x000000001a880000)]
  0x00000000192b8000 JavaThread "Daemon worker" [_thread_in_vm, id=980, stack(0x000000001a680000,0x000000001a780000)]
  0x00000000192be000 JavaThread "Cancel handler" [_thread_blocked, id=2328, stack(0x000000001a580000,0x000000001a680000)]
  0x0000000018f2a800 JavaThread "Handler for socket connection from /127.0.0.1:53957 to /127.0.0.1:53958" [_thread_in_native, id=8552, stack(0x000000001a280000,0x000000001a380000)]
  0x0000000018f25800 JavaThread "Daemon" [_thread_blocked, id=3356, stack(0x000000001a180000,0x000000001a280000)]
  0x0000000018e9b800 JavaThread "Daemon periodic checks" [_thread_blocked, id=6748, stack(0x000000001a080000,0x000000001a180000)]
  0x00000000192eb800 JavaThread "Incoming local TCP Connector on port 53957" [_thread_in_native, id=3968, stack(0x0000000019ea0000,0x0000000019fa0000)]
  0x0000000017bc3800 JavaThread "Service Thread" daemon [_thread_blocked, id=936, stack(0x0000000017f90000,0x0000000018090000)]
  0x0000000016268000 JavaThread "C1 CompilerThread2" daemon [_thread_blocked, id=4752, stack(0x0000000017a90000,0x0000000017b90000)]
  0x0000000016260800 JavaThread "C2 CompilerThread1" daemon [_thread_in_native, id=8540, stack(0x0000000017990000,0x0000000017a90000)]
=>0x000000001625b800 JavaThread "C2 CompilerThread0" daemon [_thread_in_native, id=7244, stack(0x0000000017890000,0x0000000017990000)]
  0x000000001625a000 JavaThread "Attach Listener" daemon [_thread_blocked, id=2868, stack(0x0000000017790000,0x0000000017890000)]
  0x0000000016258800 JavaThread "Signal Dispatcher" daemon [_thread_blocked, id=4364, stack(0x0000000017690000,0x0000000017790000)]
  0x0000000016247000 JavaThread "Finalizer" daemon [_thread_blocked, id=8836, stack(0x00000000174b0000,0x00000000175b0000)]
  0x0000000002861000 JavaThread "Reference Handler" daemon [_thread_blocked, id=7580, stack(0x00000000173b0000,0x00000000174b0000)]
  0x0000000002770800 JavaThread "main" [_thread_blocked, id=7388, stack(0x0000000002640000,0x0000000002740000)]

Other Threads:
  0x0000000016225000 VMThread [stack: 0x00000000172b0000,0x00000000173b0000] [id=3480]
  0x0000000017bc4800 WatcherThread [stack: 0x0000000018090000,0x0000000018190000] [id=4940]

VM state:not at safepoint (normal execution)

VM Mutex/Monitor currently owned by a thread: None

Heap:
 PSYoungGen      total 71680K, used 48016K [0x00000000e0000000, 0x00000000e6b80000, 0x0000000100000000)
  eden space 66560K, 64% used [0x00000000e0000000,0x00000000e29e63c8,0x00000000e4100000)
  from space 5120K, 99% used [0x00000000e4100000,0x00000000e45fdf58,0x00000000e4600000)
  to   space 10240K, 0% used [0x00000000e6180000,0x00000000e6180000,0x00000000e6b80000)
 ParOldGen       total 68096K, used 10544K [0x00000000a0000000, 0x00000000a4280000, 0x00000000e0000000)
  object space 68096K, 15% used [0x00000000a0000000,0x00000000a0a4c0c8,0x00000000a4280000)
 Metaspace       used 28826K, capacity 29546K, committed 29696K, reserved 1075200K
  class space    used 4025K, capacity 4324K, committed 4352K, reserved 1048576K

Card table byte_map: [0x0000000011cb0000,0x0000000011fc0000] byte_map_base: 0x00000000117b0000

Marking Bits: (ParMarkBitMap*) 0x0000000068813950
 Begin Bits: [0x00000000125c0000, 0x0000000013dc0000)
 End Bits:   [0x0000000013dc0000, 0x00000000155c0000)

Polling page: 0x0000000002740000

CodeCache: size=245760Kb used=9624Kb max_used=10322Kb free=236135Kb
 bounds [0x00000000028f0000, 0x0000000003310000, 0x00000000118f0000]
 total_blobs=3002 nmethods=2355 adapters=560
 compilation: enabled

Compilation events (10 events):
Event: 9.701 Thread 0x0000000016268000 nmethod 2537 0x0000000002aac090 code [0x0000000002aac240, 0x0000000002aac8d0]
Event: 9.705 Thread 0x0000000016260800 nmethod 2533 0x0000000002afbe90 code [0x0000000002afc020, 0x0000000002afc558]
Event: 9.705 Thread 0x0000000016260800 2535       4       groovy.lang.MetaClassImpl$1MOPIter::methodNameAction (479 bytes)
Event: 9.709 Thread 0x0000000016268000 2538       3       groovyjarjarasm.asm.Type::getArgumentsAndReturnSizes (151 bytes)
Event: 9.710 Thread 0x0000000016268000 nmethod 2538 0x0000000002a9b4d0 code [0x0000000002a9b700, 0x0000000002a9c5b8]
Event: 9.796 Thread 0x0000000016268000 2539       3       org.gradle.internal.reflect.ReflectionCache$WeaklyClassReferencingCache::fetchNext (35 bytes)
Event: 9.797 Thread 0x0000000016268000 nmethod 2539 0x0000000002a0b990 code [0x0000000002a0bb80, 0x0000000002a0c348]
Event: 9.801 Thread 0x0000000016268000 2540       3       java.lang.Integer::highestOneBit (38 bytes)
Event: 9.801 Thread 0x0000000016268000 nmethod 2540 0x0000000002ba6e90 code [0x0000000002ba6fe0, 0x0000000002ba7150]
Event: 9.802 Thread 0x0000000016268000 2541       3       org.objectweb.asm.ClassWriter::newConstItem (312 bytes)

GC Heap History (10 events):
Event: 3.020 GC heap before
{Heap before GC invocations=2 (full 0):
 PSYoungGen      total 38400K, used 37493K [0x00000000e0000000, 0x00000000e2a80000, 0x0000000100000000)
  eden space 33280K, 100% used [0x00000000e0000000,0x00000000e2080000,0x00000000e2080000)
  from space 5120K, 82% used [0x00000000e2080000,0x00000000e249d580,0x00000000e2580000)
  to   space 5120K, 0% used [0x00000000e2580000,0x00000000e2580000,0x00000000e2a80000)
 ParOldGen       total 87552K, used 8K [0x00000000a0000000, 0x00000000a5580000, 0x00000000e0000000)
  object space 87552K, 0% used [0x00000000a0000000,0x00000000a0002000,0x00000000a5580000)
 Metaspace       used 12311K, capacity 12704K, committed 12928K, reserved 1060864K
  class space    used 1652K, capacity 1798K, committed 1920K, reserved 1048576K
Event: 3.028 GC heap after
Heap after GC invocations=2 (full 0):
 PSYoungGen      total 38400K, used 5093K [0x00000000e0000000, 0x00000000e2a80000, 0x0000000100000000)
  eden space 33280K, 0% used [0x00000000e0000000,0x00000000e0000000,0x00000000e2080000)
  from space 5120K, 99% used [0x00000000e2580000,0x00000000e2a79490,0x00000000e2a80000)
  to   space 5120K, 0% used [0x00000000e2080000,0x00000000e2080000,0x00000000e2580000)
 ParOldGen       total 87552K, used 850K [0x00000000a0000000, 0x00000000a5580000, 0x00000000e0000000)
  object space 87552K, 0% used [0x00000000a0000000,0x00000000a00d4b40,0x00000000a5580000)
 Metaspace       used 12311K, capacity 12704K, committed 12928K, reserved 1060864K
  class space    used 1652K, capacity 1798K, committed 1920K, reserved 1048576K
}
Event: 3.882 GC heap before
{Heap before GC invocations=3 (full 0):
 PSYoungGen      total 38400K, used 38373K [0x00000000e0000000, 0x00000000e2a80000, 0x0000000100000000)
  eden space 33280K, 100% used [0x00000000e0000000,0x00000000e2080000,0x00000000e2080000)
  from space 5120K, 99% used [0x00000000e2580000,0x00000000e2a79490,0x00000000e2a80000)
  to   space 5120K, 0% used [0x00000000e2080000,0x00000000e2080000,0x00000000e2580000)
 ParOldGen       total 87552K, used 850K [0x00000000a0000000, 0x00000000a5580000, 0x00000000e0000000)
  object space 87552K, 0% used [0x00000000a0000000,0x00000000a00d4b40,0x00000000a5580000)
 Metaspace       used 15802K, capacity 16196K, committed 16512K, reserved 1062912K
  class space    used 2219K, capacity 2344K, committed 2432K, reserved 1048576K
Event: 3.907 GC heap after
Heap after GC invocations=3 (full 0):
 PSYoungGen      total 38400K, used 5094K [0x00000000e0000000, 0x00000000e4b00000, 0x0000000100000000)
  eden space 33280K, 0% used [0x00000000e0000000,0x00000000e0000000,0x00000000e2080000)
  from space 5120K, 99% used [0x00000000e2080000,0x00000000e2579a58,0x00000000e2580000)
  to   space 5120K, 0% used [0x00000000e4600000,0x00000000e4600000,0x00000000e4b00000)
 ParOldGen       total 87552K, used 3659K [0x00000000a0000000, 0x00000000a5580000, 0x00000000e0000000)
  object space 87552K, 4% used [0x00000000a0000000,0x00000000a0392c30,0x00000000a5580000)
 Metaspace       used 15802K, capacity 16196K, committed 16512K, reserved 1062912K
  class space    used 2219K, capacity 2344K, committed 2432K, reserved 1048576K
}
Event: 6.062 GC heap before
{Heap before GC invocations=4 (full 0):
 PSYoungGen      total 38400K, used 32959K [0x00000000e0000000, 0x00000000e4b00000, 0x0000000100000000)
  eden space 33280K, 83% used [0x00000000e0000000,0x00000000e1b364f8,0x00000000e2080000)
  from space 5120K, 99% used [0x00000000e2080000,0x00000000e2579a58,0x00000000e2580000)
  to   space 5120K, 0% used [0x00000000e4600000,0x00000000e4600000,0x00000000e4b00000)
 ParOldGen       total 87552K, used 3659K [0x00000000a0000000, 0x00000000a5580000, 0x00000000e0000000)
  object space 87552K, 4% used [0x00000000a0000000,0x00000000a0392c30,0x00000000a5580000)
 Metaspace       used 20717K, capacity 21112K, committed 21248K, reserved 1067008K
  class space    used 2858K, capacity 3035K, committed 3072K, reserved 1048576K
Event: 6.083 GC heap after
Heap after GC invocations=4 (full 0):
 PSYoungGen      total 71680K, used 5104K [0x00000000e0000000, 0x00000000e4b00000, 0x0000000100000000)
  eden space 66560K, 0% used [0x00000000e0000000,0x00000000e0000000,0x00000000e4100000)
  from space 5120K, 99% used [0x00000000e4600000,0x00000000e4afc020,0x00000000e4b00000)
  to   space 5120K, 0% used [0x00000000e4100000,0x00000000e4100000,0x00000000e4600000)
 ParOldGen       total 87552K, used 7411K [0x00000000a0000000, 0x00000000a5580000, 0x00000000e0000000)
  object space 87552K, 8% used [0x00000000a0000000,0x00000000a073cef8,0x00000000a5580000)
 Metaspace       used 20717K, capacity 21112K, committed 21248K, reserved 1067008K
  class space    used 2858K, capacity 3035K, committed 3072K, reserved 1048576K
}
Event: 6.083 GC heap before
{Heap before GC invocations=5 (full 1):
 PSYoungGen      total 71680K, used 5104K [0x00000000e0000000, 0x00000000e4b00000, 0x0000000100000000)
  eden space 66560K, 0% used [0x00000000e0000000,0x00000000e0000000,0x00000000e4100000)
  from space 5120K, 99% used [0x00000000e4600000,0x00000000e4afc020,0x00000000e4b00000)
  to   space 5120K, 0% used [0x00000000e4100000,0x00000000e4100000,0x00000000e4600000)
 ParOldGen       total 87552K, used 7411K [0x00000000a0000000, 0x00000000a5580000, 0x00000000e0000000)
  object space 87552K, 8% used [0x00000000a0000000,0x00000000a073cef8,0x00000000a5580000)
 Metaspace       used 20717K, capacity 21112K, committed 21248K, reserved 1067008K
  class space    used 2858K, capacity 3035K, committed 3072K, reserved 1048576K
Event: 6.195 GC heap after
Heap after GC invocations=5 (full 1):
 PSYoungGen      total 71680K, used 0K [0x00000000e0000000, 0x00000000e4b00000, 0x0000000100000000)
  eden space 66560K, 0% used [0x00000000e0000000,0x00000000e0000000,0x00000000e4100000)
  from space 5120K, 0% used [0x00000000e4600000,0x00000000e4600000,0x00000000e4b00000)
  to   space 5120K, 0% used [0x00000000e4100000,0x00000000e4100000,0x00000000e4600000)
 ParOldGen       total 68096K, used 8654K [0x00000000a0000000, 0x00000000a4280000, 0x00000000e0000000)
  object space 68096K, 12% used [0x00000000a0000000,0x00000000a0873888,0x00000000a4280000)
 Metaspace       used 20717K, capacity 21112K, committed 21248K, reserved 1067008K
  class space    used 2858K, capacity 3035K, committed 3072K, reserved 1048576K
}
Event: 8.501 GC heap before
{Heap before GC invocations=6 (full 1):
 PSYoungGen      total 71680K, used 66560K [0x00000000e0000000, 0x00000000e4b00000, 0x0000000100000000)
  eden space 66560K, 100% used [0x00000000e0000000,0x00000000e4100000,0x00000000e4100000)
  from space 5120K, 0% used [0x00000000e4600000,0x00000000e4600000,0x00000000e4b00000)
  to   space 5120K, 0% used [0x00000000e4100000,0x00000000e4100000,0x00000000e4600000)
 ParOldGen       total 68096K, used 8654K [0x00000000a0000000, 0x00000000a4280000, 0x00000000e0000000)
  object space 68096K, 12% used [0x00000000a0000000,0x00000000a0873888,0x00000000a4280000)
 Metaspace       used 26222K, capacity 26734K, committed 26880K, reserved 1073152K
  class space    used 3547K, capacity 3750K, committed 3840K, reserved 1048576K
Event: 8.512 GC heap after
Heap after GC invocations=6 (full 1):
 PSYoungGen      total 71680K, used 5111K [0x00000000e0000000, 0x00000000e6b80000, 0x0000000100000000)
  eden space 66560K, 0% used [0x00000000e0000000,0x00000000e0000000,0x00000000e4100000)
  from space 5120K, 99% used [0x00000000e4100000,0x00000000e45fdf58,0x00000000e4600000)
  to   space 10240K, 0% used [0x00000000e6180000,0x00000000e6180000,0x00000000e6b80000)
 ParOldGen       total 68096K, used 10544K [0x00000000a0000000, 0x00000000a4280000, 0x00000000e0000000)
  object space 68096K, 15% used [0x00000000a0000000,0x00000000a0a4c0c8,0x00000000a4280000)
 Metaspace       used 26222K, capacity 26734K, committed 26880K, reserved 1073152K
  class space    used 3547K, capacity 3750K, committed 3840K, reserved 1048576K
}

Deoptimization events (10 events):
Event: 9.013 Thread 0x00000000192b8000 Uncommon trap: reason=class_check action=maybe_recompile pc=0x0000000002a18434 method=java.util.HashSet.contains(Ljava/lang/Object;)Z @ 5
Event: 9.037 Thread 0x00000000192b8000 Uncommon trap: reason=class_check action=maybe_recompile pc=0x0000000002fbb10c method=java.lang.reflect.Method.equals(Ljava/lang/Object;)Z @ 5
Event: 9.038 Thread 0x00000000192b8000 Uncommon trap: reason=class_check action=maybe_recompile pc=0x0000000002fbb10c method=java.lang.reflect.Method.equals(Ljava/lang/Object;)Z @ 5
Event: 9.115 Thread 0x00000000192b8000 Uncommon trap: reason=unstable_if action=reinterpret pc=0x0000000002fc0d60 method=java.net.URLClassLoader.isSealed(Ljava/lang/String;Ljava/util/jar/Manifest;)Z @ 26
Event: 9.176 Thread 0x00000000192b8000 Uncommon trap: reason=range_check action=make_not_entrant pc=0x00000000032a745c method=java.lang.String.charAt(I)C @ 27
Event: 9.215 Thread 0x00000000192b8000 Uncommon trap: reason=bimorphic action=maybe_recompile pc=0x00000000031566bc method=org.codehaus.groovy.runtime.metaclass.MetaMethodIndex.addMethodToList(Ljava/lang/Object;Lgroovy/lang/MetaMethod;)Ljava/lang/Object; @ 96
Event: 9.244 Thread 0x00000000192b8000 Uncommon trap: reason=unstable_if action=reinterpret pc=0x0000000003198f08 method=org.objectweb.asm.ByteVector.putShort(I)Lorg/objectweb/asm/ByteVector; @ 13
Event: 9.244 Thread 0x00000000192b8000 Uncommon trap: reason=unstable_if action=reinterpret pc=0x000000000319e340 method=org.objectweb.asm.Item.isEqualTo(Lorg/objectweb/asm/Item;)Z @ 345
Event: 9.602 Thread 0x00000000192b8000 Uncommon trap: reason=class_check action=maybe_recompile pc=0x0000000002a18434 method=java.util.HashSet.contains(Ljava/lang/Object;)Z @ 5
Event: 9.602 Thread 0x00000000192b8000 Uncommon trap: reason=class_check action=maybe_recompile pc=0x0000000002a18434 method=java.util.HashSet.contains(Ljava/lang/Object;)Z @ 5

Classes redefined (0 events):
No events

Internal exceptions (10 events):
Event: 9.459 Thread 0x00000000192b8000 Exception <a 'java/lang/ClassNotFoundException': java/util/ArrayListBeanInfo> (0x00000000e22ba0a0) thrown at [D:\src\AOSP-openjdk-cygwin\jdk8u\hotspot\src\share\vm\classfile\systemDictionary.cpp, line 210]
Event: 9.459 Thread 0x00000000192b8000 Exception <a 'java/lang/ClassNotFoundException': java/util/AbstractListBeanInfo> (0x00000000e22c1818) thrown at [D:\src\AOSP-openjdk-cygwin\jdk8u\hotspot\src\share\vm\classfile\systemDictionary.cpp, line 210]
Event: 9.460 Thread 0x00000000192b8000 Exception <a 'java/lang/ClassNotFoundException': java/util/AbstractListCustomizer> (0x00000000e22c92f8) thrown at [D:\src\AOSP-openjdk-cygwin\jdk8u\hotspot\src\share\vm\classfile\systemDictionary.cpp, line 210]
Event: 9.462 Thread 0x00000000192b8000 Exception <a 'java/lang/ClassNotFoundException': java/util/ArrayListCustomizer> (0x00000000e22dea40) thrown at [D:\src\AOSP-openjdk-cygwin\jdk8u\hotspot\src\share\vm\classfile\systemDictionary.cpp, line 210]
Event: 9.466 Thread 0x00000000192b8000 Exception <a 'java/lang/ClassNotFoundException': java/util/CollectionBeanInfo> (0x00000000e23205c8) thrown at [D:\src\AOSP-openjdk-cygwin\jdk8u\hotspot\src\share\vm\classfile\systemDictionary.cpp, line 210]
Event: 9.467 Thread 0x00000000192b8000 Exception <a 'java/lang/ClassNotFoundException': java/util/CollectionCustomizer> (0x00000000e2327c80) thrown at [D:\src\AOSP-openjdk-cygwin\jdk8u\hotspot\src\share\vm\classfile\systemDictionary.cpp, line 210]
Event: 9.699 Thread 0x00000000192b8000 Exception <a 'java/lang/ClassNotFoundException': build_5sdtm1vtt8mmva8o1uc9lnbuqBeanInfo> (0x00000000e289cf78) thrown at [D:\src\AOSP-openjdk-cygwin\jdk8u\hotspot\src\share\vm\classfile\systemDictionary.cpp, line 210]
Event: 9.699 Thread 0x00000000192b8000 Exception <a 'java/lang/ClassNotFoundException': org/gradle/api/internal/project/ProjectScriptBeanInfo> (0x00000000e28aea88) thrown at [D:\src\AOSP-openjdk-cygwin\jdk8u\hotspot\src\share\vm\classfile\systemDictionary.cpp, line 210]
Event: 9.700 Thread 0x00000000192b8000 Exception <a 'java/lang/ClassNotFoundException': org/gradle/api/internal/project/ProjectScriptCustomizer> (0x00000000e28c0ba0) thrown at [D:\src\AOSP-openjdk-cygwin\jdk8u\hotspot\src\share\vm\classfile\systemDictionary.cpp, line 210]
Event: 9.701 Thread 0x00000000192b8000 Exception <a 'java/lang/ClassNotFoundException': build_5sdtm1vtt8mmva8o1uc9lnbuqCustomizer> (0x00000000e28f0748) thrown at [D:\src\AOSP-openjdk-cygwin\jdk8u\hotspot\src\share\vm\classfile\systemDictionary.cpp, line 210]

Events (10 events):
Event: 9.798 loading class org/gradle/api/internal/artifacts/dsl/ParsedModuleStringNotation
Event: 9.798 loading class org/gradle/api/internal/artifacts/dsl/ParsedModuleStringNotation done
Event: 9.799 loading class org/gradle/api/IllegalDependencyNotation
Event: 9.799 loading class org/gradle/api/IllegalDependencyNotation done
Event: 9.799 loading class org/gradle/api/artifacts/DependencyArtifact
Event: 9.799 loading class org/gradle/api/artifacts/DependencyArtifact done
Event: 9.800 loading class org/gradle/api/internal/artifacts/DefaultExcludeRuleContainer
Event: 9.800 loading class org/gradle/api/internal/artifacts/DefaultExcludeRuleContainer done
Event: 9.800 loading class org/gradle/api/artifacts/ExcludeRuleContainer
Event: 9.800 loading class org/gradle/api/artifacts/ExcludeRuleContainer done


Dynamic libraries:
0x00007ff752690000 - 0x00007ff7526c1000 	F:\SetUp\Android-Studio-301\jre\bin\java.exe
0x00007ffd9de40000 - 0x00007ffd9e002000 	C:\Windows\SYSTEM32\ntdll.dll
0x00007ffd9d590000 - 0x00007ffd9d63d000 	C:\Windows\system32\KERNEL32.DLL
0x00007ffd9aa20000 - 0x00007ffd9abfd000 	C:\Windows\system32\KERNELBASE.dll
0x00007ffd9bc40000 - 0x00007ffd9bce6000 	C:\Windows\system32\ADVAPI32.dll
0x00007ffd9d7f0000 - 0x00007ffd9d88d000 	C:\Windows\system32\msvcrt.dll
0x00007ffd9dde0000 - 0x00007ffd9de3b000 	C:\Windows\system32\sechost.dll
0x00007ffd9d890000 - 0x00007ffd9d9b6000 	C:\Windows\system32\RPCRT4.dll
0x00007ffd9b740000 - 0x00007ffd9b88e000 	C:\Windows\system32\USER32.dll
0x00007ffd9b900000 - 0x00007ffd9ba85000 	C:\Windows\system32\GDI32.dll
0x00007ffd8d5c0000 - 0x00007ffd8d834000 	C:\Windows\WinSxS\amd64_microsoft.windows.common-controls_6595b64144ccf1df_6.0.10240.16384_none_f41f7b285750ef43\COMCTL32.dll
0x00007ffd9bcf0000 - 0x00007ffd9bd26000 	C:\Windows\system32\IMM32.DLL
0x00007ffd9d9d0000 - 0x00007ffd9db2c000 	C:\Windows\system32\MSCTF.dll
0x0000000067e90000 - 0x0000000067f62000 	F:\SetUp\Android-Studio-301\jre\jre\bin\msvcr100.dll
0x0000000068050000 - 0x000000006888e000 	F:\SetUp\Android-Studio-301\jre\jre\bin\server\jvm.dll
0x00007ffd9d9c0000 - 0x00007ffd9d9c8000 	C:\Windows\system32\PSAPI.DLL
0x00007ffd951f0000 - 0x00007ffd951f9000 	C:\Windows\SYSTEM32\WSOCK32.dll
0x00007ffd9dba0000 - 0x00007ffd9dc09000 	C:\Windows\system32\WS2_32.dll
0x00007ffd9b8f0000 - 0x00007ffd9b8f8000 	C:\Windows\system32\NSI.dll
0x00007ffd98360000 - 0x00007ffd98383000 	C:\Windows\SYSTEM32\WINMM.dll
0x00007ffd98390000 - 0x00007ffd9839a000 	C:\Windows\SYSTEM32\VERSION.dll
0x00007ffd98330000 - 0x00007ffd9835c000 	C:\Windows\SYSTEM32\WINMMBASE.dll
0x00007ffd9b2f0000 - 0x00007ffd9b334000 	C:\Windows\system32\cfgmgr32.dll
0x00007ffd991e0000 - 0x00007ffd99207000 	C:\Windows\SYSTEM32\DEVOBJ.dll
0x00007ffd95040000 - 0x00007ffd9504f000 	F:\SetUp\Android-Studio-301\jre\jre\bin\verify.dll
0x00007ffd876a0000 - 0x00007ffd876c9000 	F:\SetUp\Android-Studio-301\jre\jre\bin\java.dll
0x00007ffd945b0000 - 0x00007ffd945c6000 	F:\SetUp\Android-Studio-301\jre\jre\bin\zip.dll
0x00007ffd9bd30000 - 0x00007ffd9d255000 	C:\Windows\system32\SHELL32.dll
0x00007ffd9acc0000 - 0x00007ffd9b2e8000 	C:\Windows\system32\windows.storage.dll
0x00007ffd9d310000 - 0x00007ffd9d58c000 	C:\Windows\system32\combase.dll
0x00007ffd9b530000 - 0x00007ffd9b581000 	C:\Windows\system32\shlwapi.dll
0x00007ffd9a890000 - 0x00007ffd9a89f000 	C:\Windows\system32\kernel.appcore.dll
0x00007ffd9ac00000 - 0x00007ffd9acb3000 	C:\Windows\system32\shcore.dll
0x00007ffd9a8c0000 - 0x00007ffd9a90a000 	C:\Windows\system32\powrprof.dll
0x00007ffd9a8a0000 - 0x00007ffd9a8b3000 	C:\Windows\system32\profapi.dll
0x00007ffd925c0000 - 0x00007ffd925da000 	F:\SetUp\Android-Studio-301\jre\jre\bin\net.dll
0x00007ffd9a0e0000 - 0x00007ffd9a13d000 	C:\Windows\system32\mswsock.dll
0x00007ffd91ae0000 - 0x00007ffd91af1000 	F:\SetUp\Android-Studio-301\jre\jre\bin\nio.dll
0x00007ffd87570000 - 0x00007ffd8758e000 	C:\Users\D\.gradle\native\25\windows-amd64\native-platform.dll
0x00007ffd8f490000 - 0x00007ffd8f49d000 	F:\SetUp\Android-Studio-301\jre\jre\bin\management.dll
0x00007ffd9a140000 - 0x00007ffd9a157000 	C:\Windows\SYSTEM32\CRYPTSP.dll
0x00007ffd9a690000 - 0x00007ffd9a6b8000 	C:\Windows\SYSTEM32\bcrypt.dll
0x00007ffd99d90000 - 0x00007ffd99dc3000 	C:\Windows\system32\rsaenh.dll
0x00007ffd99e80000 - 0x00007ffd99e9f000 	C:\Windows\SYSTEM32\USERENV.dll
0x00007ffd9a6c0000 - 0x00007ffd9a72b000 	C:\Windows\system32\bcryptprimitives.dll
0x00007ffd9a2b0000 - 0x00007ffd9a2bb000 	C:\Windows\SYSTEM32\CRYPTBASE.dll
0x00007ffd98e40000 - 0x00007ffd98e78000 	C:\Windows\SYSTEM32\IPHLPAPI.DLL
0x00007ffd98db0000 - 0x00007ffd98dbb000 	C:\Windows\SYSTEM32\WINNSI.DLL
0x00007ffd96600000 - 0x00007ffd96616000 	C:\Windows\SYSTEM32\dhcpcsvc6.DLL
0x00007ffd96380000 - 0x00007ffd9639a000 	C:\Windows\SYSTEM32\dhcpcsvc.DLL

VM Arguments:
jvm_args: -Xmx1536m -Dfile.encoding=windows-1252 -Duser.country=US -Duser.language=en -Duser.variant 
java_command: org.gradle.launcher.daemon.bootstrap.GradleDaemon 4.1
java_class_path (initial): C:\Users\D\.gradle\wrapper\dists\gradle-4.1-all\bzyivzo6n839fup2jbap0tjew\gradle-4.1\lib\gradle-launcher-4.1.jar
Launcher Type: SUN_STANDARD

Environment Variables:
PATH=C:\ProgramData\Oracle\Java\javapath;C:\Windows\system32;C:\Windows;C:\Windows\System32\Wbem;C:\Windows\System32\WindowsPowerShell\v1.0\;C:\Program Files\Git\cmd;C:\Program Files\nodejs\;;C:\Program Files (x86)\Microsoft VS Code\bin;C:\Users\D\AppData\Roaming\npm;C:\Program Files\Heroku\bin
USERNAME=D
OS=Windows_NT
PROCESSOR_IDENTIFIER=Intel64 Family 6 Model 42 Stepping 7, GenuineIntel



---------------  S Y S T E M  ---------------

OS: Windows 10.0 , 64 bit Build 10240 (10.0.10240.16384)

CPU:total 4 (initial active 4) (2 cores per cpu, 2 threads per core) family 6 model 42 stepping 7, cmov, cx8, fxsr, mmx, sse, sse2, sse3, ssse3, sse4.1, sse4.2, popcnt, avx, aes, clmul, ht, tsc, tscinvbit

Memory: 4k page, physical 8336304k(1011184k free), swap 21379500k(9884k free)

vm_info: OpenJDK 64-Bit Server VM (25.152-b01) for windows-amd64 JRE (1.8.0_152-release-915-b01), built by "builder" with MS VC++ 10.0 (VS2010)

time: Sat Feb 24 20:36:17 2018
elapsed time: 9 seconds (0d 0h 0m 9s)

