#
# There is insufficient memory for the Java Runtime Environment to continue.
# Native memory allocation (malloc) failed to allocate 1392016 bytes for Chunk::new
# Possible reasons:
#   The system is out of physical RAM or swap space
#   In 32 bit mode, the process size limit was hit
# Possible solutions:
#   Reduce memory load on the system
#   Increase physical memory or swap space
#   Check if swap backing store is full
#   Use 64 bit Java on a 64 bit OS
#   Decrease Java heap size (-Xmx/-Xms)
#   Decrease number of Java threads
#   Decrease Java thread stack sizes (-Xss)
#   Set larger code cache with -XX:ReservedCodeCacheSize=
# This output file may be truncated or incomplete.
#
#  Out of Memory Error (allocation.cpp:390), pid=2812, tid=0x0000000000001bc0
#
# JRE version: OpenJDK Runtime Environment (8.0_152-b01) (build 1.8.0_152-release-915-b01)
# Java VM: OpenJDK 64-Bit Server VM (25.152-b01 mixed mode windows-amd64 compressed oops)
# Failed to write core dump. Minidumps are not enabled by default on client versions of Windows
#

---------------  T H R E A D  ---------------

Current thread (0x0000000015b9c800):  JavaThread "C2 CompilerThread0" daemon [_thread_in_native, id=7104, stack(0x00000000171e0000,0x00000000172e0000)]

Stack: [0x00000000171e0000,0x00000000172e0000]
[error occurred during error reporting (printing stack bounds), id 0xc0000005]

Native frames: (J=compiled Java code, j=interpreted, Vv=VM code, C=native code)


Current CompileTask:
C2:  41428 7389       4       sun.reflect.generics.parser.SignatureParser::parsePackageNameAndSimpleClassTypeSignature (139 bytes)


---------------  P R O C E S S  ---------------

Java Threads: ( => current thread )
  0x0000000017683800 JavaThread "Memory manager" [_thread_blocked, id=3408, stack(0x0000000020220000,0x0000000020320000)]
  0x0000000019097800 JavaThread "build operations Thread 4" [_thread_blocked, id=7308, stack(0x000000001fb20000,0x000000001fc20000)]
  0x0000000019096000 JavaThread "build operations Thread 3" [_thread_blocked, id=8732, stack(0x000000001f7b0000,0x000000001f8b0000)]
  0x000000001909c000 JavaThread "build operations Thread 2" [_thread_blocked, id=1132, stack(0x000000001f6b0000,0x000000001f7b0000)]
  0x000000001909a800 JavaThread "build operations" [_thread_blocked, id=2564, stack(0x000000001e080000,0x000000001e180000)]
  0x0000000019098000 JavaThread "Cache worker for Artifact transforms cache (C:\Users\D\.gradle\caches\transforms-1)" [_thread_blocked, id=5680, stack(0x000000001dd80000,0x000000001de80000)]
  0x0000000018e4d800 JavaThread "Cache worker for file hash cache (I:\San Xuat App\VN Studio\vn-sacpin\.gradle\4.1\fileHashes)" [_thread_blocked, id=6728, stack(0x000000001b6a0000,0x000000001b7a0000)]
  0x000000001a383000 JavaThread "File lock request listener" [_thread_in_native, id=8756, stack(0x000000001b3a0000,0x000000001b4a0000)]
  0x000000001a382800 JavaThread "Cache worker for file hash cache (C:\Users\D\.gradle\caches\4.1\fileHashes)" [_thread_blocked, id=4376, stack(0x000000001b2a0000,0x000000001b3a0000)]
  0x0000000018425000 JavaThread "Stdin handler" [_thread_blocked, id=9180, stack(0x000000001a1d0000,0x000000001a2d0000)]
  0x000000001841f000 JavaThread "Asynchronous log dispatcher for DefaultDaemonConnection: socket connection from /127.0.0.1:53721 to /127.0.0.1:53722" [_thread_blocked, id=7128, stack(0x000000001a0d0000,0x000000001a1d0000)]
  0x000000001841a000 JavaThread "Daemon worker" [_thread_in_Java, id=8148, stack(0x0000000019fd0000,0x000000001a0d0000)]
  0x00000000191f4800 JavaThread "Cancel handler" [_thread_blocked, id=4804, stack(0x0000000019ed0000,0x0000000019fd0000)]
  0x0000000018483000 JavaThread "Handler for socket connection from /127.0.0.1:53721 to /127.0.0.1:53722" [_thread_in_native, id=8684, stack(0x0000000019bd0000,0x0000000019cd0000)]
  0x0000000018482800 JavaThread "Daemon" [_thread_blocked, id=8560, stack(0x0000000019ad0000,0x0000000019bd0000)]
  0x0000000018d98000 JavaThread "Daemon periodic checks" [_thread_blocked, id=2820, stack(0x00000000199d0000,0x0000000019ad0000)]
  0x00000000186da800 JavaThread "Incoming local TCP Connector on port 53721" [_thread_in_native, id=908, stack(0x00000000197f0000,0x00000000198f0000)]
  0x0000000017514000 JavaThread "Service Thread" daemon [_thread_blocked, id=8300, stack(0x00000000178e0000,0x00000000179e0000)]
  0x0000000015ba9000 JavaThread "C1 CompilerThread2" daemon [_thread_in_native, id=6132, stack(0x00000000173e0000,0x00000000174e0000)]
  0x0000000015ba1800 JavaThread "C2 CompilerThread1" daemon [_thread_blocked, id=9060, stack(0x00000000172e0000,0x00000000173e0000)]
=>0x0000000015b9c800 JavaThread "C2 CompilerThread0" daemon [_thread_in_native, id=7104, stack(0x00000000171e0000,0x00000000172e0000)]
  0x0000000015b9b800 JavaThread "Attach Listener" daemon [_thread_blocked, id=2676, stack(0x00000000170e0000,0x00000000171e0000)]
  0x0000000015b9a800 JavaThread "Signal Dispatcher" daemon [_thread_blocked, id=8588, stack(0x0000000016fe0000,0x00000000170e0000)]
  0x0000000015b87000 JavaThread "Finalizer" daemon [_thread_blocked, id=7328, stack(0x0000000016e00000,0x0000000016f00000)]
  0x0000000002221000 JavaThread "Reference Handler" daemon [_thread_blocked, id=1888, stack(0x0000000016d00000,0x0000000016e00000)]
  0x0000000002130800 JavaThread "main" [_thread_blocked, id=2836, stack(0x0000000002030000,0x0000000002130000)]

Other Threads:
  0x0000000015b65000 VMThread [stack: 0x0000000016c00000,0x0000000016d00000] [id=2692]
  0x0000000017515000 WatcherThread [stack: 0x00000000179e0000,0x0000000017ae0000] [id=8]

VM state:not at safepoint (normal execution)

VM Mutex/Monitor currently owned by a thread: None

Heap:
 PSYoungGen      total 184320K, used 6343K [0x00000000e0000000, 0x00000000f0d80000, 0x0000000100000000)
  eden space 160768K, 3% used [0x00000000e0000000,0x00000000e0631f58,0x00000000e9d00000)
  from space 23552K, 0% used [0x00000000e9d00000,0x00000000e9d00000,0x00000000eb400000)
  to   space 28160K, 0% used [0x00000000ef200000,0x00000000ef200000,0x00000000f0d80000)
 ParOldGen       total 158720K, used 53390K [0x00000000a0000000, 0x00000000a9b00000, 0x00000000e0000000)
  object space 158720K, 33% used [0x00000000a0000000,0x00000000a3423a18,0x00000000a9b00000)
 Metaspace       used 56648K, capacity 59478K, committed 59648K, reserved 1099776K
  class space    used 7843K, capacity 8625K, committed 8704K, reserved 1048576K

Card table byte_map: [0x00000000115f0000,0x0000000011900000] byte_map_base: 0x00000000110f0000

Marking Bits: (ParMarkBitMap*) 0x0000000068813950
 Begin Bits: [0x0000000011f00000, 0x0000000013700000)
 End Bits:   [0x0000000013700000, 0x0000000014f00000)

Polling page: 0x0000000000300000

CodeCache: size=245760Kb used=24261Kb max_used=24263Kb free=221498Kb
 bounds [0x0000000002230000, 0x0000000003a00000, 0x0000000011230000]
 total_blobs=7527 nmethods=6771 adapters=668
 compilation: enabled

Compilation events (10 events):
Event: 41.261 Thread 0x0000000015ba9000 nmethod 7440 0x00000000039e9fd0 code [0x00000000039ea120, 0x00000000039ea230]
Event: 41.316 Thread 0x0000000015ba9000 7441   !   3       org.gradle.cache.internal.DefaultMultiProcessSafePersistentIndexedCache::get (28 bytes)
Event: 41.317 Thread 0x0000000015ba9000 nmethod 7441 0x00000000039ec910 code [0x00000000039ecac0, 0x00000000039ed118]
Event: 41.317 Thread 0x0000000015ba9000 7442       3       org.gradle.cache.internal.DefaultMultiProcessSafePersistentIndexedCache$1::<init> (20 bytes)
Event: 41.317 Thread 0x0000000015ba9000 nmethod 7442 0x00000000039ed450 code [0x00000000039ed5a0, 0x00000000039ed790]
Event: 41.317 Thread 0x0000000015ba9000 7443       3       org.gradle.cache.internal.DefaultCacheAccess$UnitOfWorkFileAccess::readFile (14 bytes)
Event: 41.318 Thread 0x0000000015ba9000 nmethod 7443 0x00000000039ed850 code [0x00000000039ed9e0, 0x00000000039edc98]
Event: 41.340 Thread 0x0000000015ba1800 nmethod 7434 0x00000000039f2e10 code [0x00000000039f3120, 0x00000000039f5400]
Event: 41.360 Thread 0x0000000015ba9000 7444       3       org.gradle.api.internal.artifacts.DefaultModuleVersionSelector::<init> (20 bytes)
Event: 41.360 Thread 0x0000000015ba9000 nmethod 7444 0x00000000039f2a10 code [0x00000000039f2b60, 0x00000000039f2d50]

GC Heap History (10 events):
Event: 29.694 GC heap before
{Heap before GC invocations=10 (full 2):
 PSYoungGen      total 109568K, used 98304K [0x00000000e0000000, 0x00000000e9c80000, 0x0000000100000000)
  eden space 98304K, 100% used [0x00000000e0000000,0x00000000e6000000,0x00000000e6000000)
  from space 11264K, 0% used [0x00000000e6000000,0x00000000e6000000,0x00000000e6b00000)
  to   space 12288K, 0% used [0x00000000e9080000,0x00000000e9080000,0x00000000e9c80000)
 ParOldGen       total 94720K, used 16372K [0x00000000a0000000, 0x00000000a5c80000, 0x00000000e0000000)
  object space 94720K, 17% used [0x00000000a0000000,0x00000000a0ffd358,0x00000000a5c80000)
 Metaspace       used 41835K, capacity 42858K, committed 43136K, reserved 1087488K
  class space    used 5597K, capacity 5980K, committed 6016K, reserved 1048576K
Event: 29.708 GC heap after
Heap after GC invocations=10 (full 2):
 PSYoungGen      total 146944K, used 11091K [0x00000000e0000000, 0x00000000ea380000, 0x0000000100000000)
  eden space 134656K, 0% used [0x00000000e0000000,0x00000000e0000000,0x00000000e8380000)
  from space 12288K, 90% used [0x00000000e9080000,0x00000000e9b54f88,0x00000000e9c80000)
  to   space 13312K, 0% used [0x00000000e8380000,0x00000000e8380000,0x00000000e9080000)
 ParOldGen       total 94720K, used 16380K [0x00000000a0000000, 0x00000000a5c80000, 0x00000000e0000000)
  object space 94720K, 17% used [0x00000000a0000000,0x00000000a0fff358,0x00000000a5c80000)
 Metaspace       used 41835K, capacity 42858K, committed 43136K, reserved 1087488K
  class space    used 5597K, capacity 5980K, committed 6016K, reserved 1048576K
}
Event: 35.711 GC heap before
{Heap before GC invocations=11 (full 2):
 PSYoungGen      total 146944K, used 145747K [0x00000000e0000000, 0x00000000ea380000, 0x0000000100000000)
  eden space 134656K, 100% used [0x00000000e0000000,0x00000000e8380000,0x00000000e8380000)
  from space 12288K, 90% used [0x00000000e9080000,0x00000000e9b54f88,0x00000000e9c80000)
  to   space 13312K, 0% used [0x00000000e8380000,0x00000000e8380000,0x00000000e9080000)
 ParOldGen       total 94720K, used 16380K [0x00000000a0000000, 0x00000000a5c80000, 0x00000000e0000000)
  object space 94720K, 17% used [0x00000000a0000000,0x00000000a0fff358,0x00000000a5c80000)
 Metaspace       used 52276K, capacity 54370K, committed 54656K, reserved 1095680K
  class space    used 7088K, capacity 7697K, committed 7808K, reserved 1048576K
Event: 35.733 GC heap after
Heap after GC invocations=11 (full 2):
 PSYoungGen      total 147968K, used 13293K [0x00000000e0000000, 0x00000000ec500000, 0x0000000100000000)
  eden space 134656K, 0% used [0x00000000e0000000,0x00000000e0000000,0x00000000e8380000)
  from space 13312K, 99% used [0x00000000e8380000,0x00000000e907b4f0,0x00000000e9080000)
  to   space 17408K, 0% used [0x00000000eb400000,0x00000000eb400000,0x00000000ec500000)
 ParOldGen       total 94720K, used 22543K [0x00000000a0000000, 0x00000000a5c80000, 0x00000000e0000000)
  object space 94720K, 23% used [0x00000000a0000000,0x00000000a1603f90,0x00000000a5c80000)
 Metaspace       used 52276K, capacity 54370K, committed 54656K, reserved 1095680K
  class space    used 7088K, capacity 7697K, committed 7808K, reserved 1048576K
}
Event: 39.135 GC heap before
{Heap before GC invocations=12 (full 2):
 PSYoungGen      total 147968K, used 147949K [0x00000000e0000000, 0x00000000ec500000, 0x0000000100000000)
  eden space 134656K, 100% used [0x00000000e0000000,0x00000000e8380000,0x00000000e8380000)
  from space 13312K, 99% used [0x00000000e8380000,0x00000000e907b4f0,0x00000000e9080000)
  to   space 17408K, 0% used [0x00000000eb400000,0x00000000eb400000,0x00000000ec500000)
 ParOldGen       total 94720K, used 22543K [0x00000000a0000000, 0x00000000a5c80000, 0x00000000e0000000)
  object space 94720K, 23% used [0x00000000a0000000,0x00000000a1603f90,0x00000000a5c80000)
 Metaspace       used 55472K, capacity 57940K, committed 57984K, reserved 1099776K
  class space    used 7611K, capacity 8295K, committed 8320K, reserved 1048576K
Event: 39.190 GC heap after
Heap after GC invocations=12 (full 2):
 PSYoungGen      total 178176K, used 17389K [0x00000000e0000000, 0x00000000ed600000, 0x0000000100000000)
  eden space 160768K, 0% used [0x00000000e0000000,0x00000000e0000000,0x00000000e9d00000)
  from space 17408K, 99% used [0x00000000eb400000,0x00000000ec4fb4f0,0x00000000ec500000)
  to   space 23552K, 0% used [0x00000000e9d00000,0x00000000e9d00000,0x00000000eb400000)
 ParOldGen       total 94720K, used 34139K [0x00000000a0000000, 0x00000000a5c80000, 0x00000000e0000000)
  object space 94720K, 36% used [0x00000000a0000000,0x00000000a2156f38,0x00000000a5c80000)
 Metaspace       used 55472K, capacity 57940K, committed 57984K, reserved 1099776K
  class space    used 7611K, capacity 8295K, committed 8320K, reserved 1048576K
}
Event: 40.473 GC heap before
{Heap before GC invocations=13 (full 2):
 PSYoungGen      total 178176K, used 84625K [0x00000000e0000000, 0x00000000ed600000, 0x0000000100000000)
  eden space 160768K, 41% used [0x00000000e0000000,0x00000000e41a91e8,0x00000000e9d00000)
  from space 17408K, 99% used [0x00000000eb400000,0x00000000ec4fb4f0,0x00000000ec500000)
  to   space 23552K, 0% used [0x00000000e9d00000,0x00000000e9d00000,0x00000000eb400000)
 ParOldGen       total 94720K, used 34139K [0x00000000a0000000, 0x00000000a5c80000, 0x00000000e0000000)
  object space 94720K, 36% used [0x00000000a0000000,0x00000000a2156f38,0x00000000a5c80000)
 Metaspace       used 56358K, capacity 58984K, committed 59008K, reserved 1099776K
  class space    used 7795K, capacity 8558K, committed 8576K, reserved 1048576K
Event: 40.527 GC heap after
Heap after GC invocations=13 (full 2):
 PSYoungGen      total 184320K, used 23533K [0x00000000e0000000, 0x00000000f0d80000, 0x0000000100000000)
  eden space 160768K, 0% used [0x00000000e0000000,0x00000000e0000000,0x00000000e9d00000)
  from space 23552K, 99% used [0x00000000e9d00000,0x00000000eb3fb4f0,0x00000000eb400000)
  to   space 28160K, 0% used [0x00000000ef200000,0x00000000ef200000,0x00000000f0d80000)
 ParOldGen       total 94720K, used 37574K [0x00000000a0000000, 0x00000000a5c80000, 0x00000000e0000000)
  object space 94720K, 39% used [0x00000000a0000000,0x00000000a24b1b08,0x00000000a5c80000)
 Metaspace       used 56358K, capacity 58984K, committed 59008K, reserved 1099776K
  class space    used 7795K, capacity 8558K, committed 8576K, reserved 1048576K
}
Event: 40.527 GC heap before
{Heap before GC invocations=14 (full 3):
 PSYoungGen      total 184320K, used 23533K [0x00000000e0000000, 0x00000000f0d80000, 0x0000000100000000)
  eden space 160768K, 0% used [0x00000000e0000000,0x00000000e0000000,0x00000000e9d00000)
  from space 23552K, 99% used [0x00000000e9d00000,0x00000000eb3fb4f0,0x00000000eb400000)
  to   space 28160K, 0% used [0x00000000ef200000,0x00000000ef200000,0x00000000f0d80000)
 ParOldGen       total 94720K, used 37574K [0x00000000a0000000, 0x00000000a5c80000, 0x00000000e0000000)
  object space 94720K, 39% used [0x00000000a0000000,0x00000000a24b1b08,0x00000000a5c80000)
 Metaspace       used 56358K, capacity 58984K, committed 59008K, reserved 1099776K
  class space    used 7795K, capacity 8558K, committed 8576K, reserved 1048576K
Event: 40.964 GC heap after
Heap after GC invocations=14 (full 3):
 PSYoungGen      total 184320K, used 0K [0x00000000e0000000, 0x00000000f0d80000, 0x0000000100000000)
  eden space 160768K, 0% used [0x00000000e0000000,0x00000000e0000000,0x00000000e9d00000)
  from space 23552K, 0% used [0x00000000e9d00000,0x00000000e9d00000,0x00000000eb400000)
  to   space 28160K, 0% used [0x00000000ef200000,0x00000000ef200000,0x00000000f0d80000)
 ParOldGen       total 158720K, used 53390K [0x00000000a0000000, 0x00000000a9b00000, 0x00000000e0000000)
  object space 158720K, 33% used [0x00000000a0000000,0x00000000a3423a18,0x00000000a9b00000)
 Metaspace       used 56358K, capacity 58984K, committed 59008K, reserved 1099776K
  class space    used 7795K, capacity 8558K, committed 8576K, reserved 1048576K
}

Deoptimization events (10 events):
Event: 38.347 Thread 0x000000001841a000 Uncommon trap: reason=class_check action=maybe_recompile pc=0x00000000035d8314 method=groovy.lang.MetaMethod.isStatic()Z @ 1
Event: 38.386 Thread 0x000000001841a000 Uncommon trap: reason=unstable_if action=reinterpret pc=0x0000000003779f44 method=groovy.lang.MetaClassImpl.filterPropertyMethod(Ljava/lang/Object;ZZ)Ljava/lang/Object; @ 60
Event: 38.719 Thread 0x000000001841a000 Uncommon trap: reason=null_check action=make_not_entrant pc=0x000000000381c6f4 method=java.beans.PropertyDescriptor.findPropertyType(Ljava/lang/reflect/Method;Ljava/lang/reflect/Method;)Ljava/lang/Class; @ 157
Event: 40.077 Thread 0x000000001841a000 Uncommon trap: reason=unstable_if action=reinterpret pc=0x000000000363f520 method=java.lang.reflect.Executable.sharedToGenericString(IZ)Ljava/lang/String; @ 65
Event: 40.090 Thread 0x000000001841a000 Uncommon trap: reason=class_check action=maybe_recompile pc=0x0000000002b2d15c method=java.lang.reflect.Array.newInstance(Ljava/lang/Class;I)Ljava/lang/Object; @ 2
Event: 40.090 Thread 0x000000001841a000 Uncommon trap: reason=class_check action=maybe_recompile pc=0x0000000002b2d15c method=java.lang.reflect.Array.newInstance(Ljava/lang/Class;I)Ljava/lang/Object; @ 2
Event: 40.090 Thread 0x000000001841a000 Uncommon trap: reason=class_check action=maybe_recompile pc=0x0000000002b2d15c method=java.lang.reflect.Array.newInstance(Ljava/lang/Class;I)Ljava/lang/Object; @ 2
Event: 40.090 Thread 0x000000001841a000 Uncommon trap: reason=class_check action=maybe_recompile pc=0x0000000002b2d15c method=java.lang.reflect.Array.newInstance(Ljava/lang/Class;I)Ljava/lang/Object; @ 2
Event: 40.421 Thread 0x000000001841a000 Uncommon trap: reason=unstable_if action=reinterpret pc=0x00000000038fd5dc method=org.codehaus.groovy.runtime.metaclass.MetaMethodIndex.getMethods(Ljava/lang/Class;Ljava/lang/String;)Lorg/codehaus/groovy/runtime/metaclass/MetaMethodIndex$Entry; @ 61
Event: 40.439 Thread 0x000000001841a000 Uncommon trap: reason=unstable_if action=reinterpret pc=0x00000000024fc9ec method=sun.reflect.generics.parser.SignatureParser.parseClassTypeSignatureSuffix(Ljava/util/List;)V @ 6

Classes redefined (0 events):
No events

Internal exceptions (10 events):
Event: 40.437 Thread 0x000000001841a000 Exception <a 'java/lang/ClassNotFoundException': com/google/common/collect/AbstractMapBasedMultimap$WrappedListBeanInfo> (0x00000000e3dba770) thrown at [D:\src\AOSP-openjdk-cygwin\jdk8u\hotspot\src\share\vm\classfile\systemDictionary.cpp, line 210]
Event: 40.437 Thread 0x000000001841a000 Exception <a 'java/lang/ClassNotFoundException': com/google/common/collect/AbstractMapBasedMultimap$WrappedCollectionBeanInfo> (0x00000000e3dcb480) thrown at [D:\src\AOSP-openjdk-cygwin\jdk8u\hotspot\src\share\vm\classfile\systemDictionary.cpp, line 210]
Event: 40.438 Thread 0x000000001841a000 Exception <a 'java/lang/ClassNotFoundException': com/google/common/collect/AbstractMapBasedMultimap$WrappedCollectionCustomizer> (0x00000000e3ddc428) thrown at [D:\src\AOSP-openjdk-cygwin\jdk8u\hotspot\src\share\vm\classfile\systemDictionary.cpp, line 210
Event: 40.439 Thread 0x000000001841a000 Exception <a 'java/lang/ClassNotFoundException': com/google/common/collect/AbstractMapBasedMultimap$WrappedListCustomizer> (0x00000000e3e036a0) thrown at [D:\src\AOSP-openjdk-cygwin\jdk8u\hotspot\src\share\vm\classfile\systemDictionary.cpp, line 210]
Event: 40.440 Thread 0x000000001841a000 Exception <a 'java/lang/ClassNotFoundException': com/google/common/collect/AbstractMapBasedMultimap$RandomAccessWrappedListCustomizer> (0x00000000e3e266e8) thrown at [D:\src\AOSP-openjdk-cygwin\jdk8u\hotspot\src\share\vm\classfile\systemDictionary.cpp, li
Event: 40.449 Thread 0x000000001841a000 Exception <a 'java/lang/ClassNotFoundException': org/jetbrains/plugins/gradle/model/DefaultExternalLibraryDependencyBeanInfo> (0x00000000e3e95a30) thrown at [D:\src\AOSP-openjdk-cygwin\jdk8u\hotspot\src\share\vm\classfile\systemDictionary.cpp, line 210]
Event: 40.449 Thread 0x000000001841a000 Exception <a 'java/lang/ClassNotFoundException': org/jetbrains/plugins/gradle/model/AbstractExternalDependencyBeanInfo> (0x00000000e3ea5cf0) thrown at [D:\src\AOSP-openjdk-cygwin\jdk8u\hotspot\src\share\vm\classfile\systemDictionary.cpp, line 210]
Event: 40.450 Thread 0x000000001841a000 Exception <a 'java/lang/ClassNotFoundException': org/jetbrains/plugins/gradle/model/AbstractExternalDependencyCustomizer> (0x00000000e3eb61e8) thrown at [D:\src\AOSP-openjdk-cygwin\jdk8u\hotspot\src\share\vm\classfile\systemDictionary.cpp, line 210]
Event: 40.451 Thread 0x000000001841a000 Exception <a 'java/lang/ClassNotFoundException': org/jetbrains/plugins/gradle/model/DefaultExternalLibraryDependencyCustomizer> (0x00000000e3ee3928) thrown at [D:\src\AOSP-openjdk-cygwin\jdk8u\hotspot\src\share\vm\classfile\systemDictionary.cpp, line 210]
Event: 41.204 Thread 0x000000001841a000 Exception <a 'java/lang/NoSuchMethodError': java.lang.Object.lambda$of$a04ddf17$1(Ljava/lang/Object;)Ljava/lang/Object;> (0x00000000e047a770) thrown at [D:\src\AOSP-openjdk-cygwin\jdk8u\hotspot\src\share\vm\interpreter\linkResolver.cpp, line 584]

Events (10 events):
Event: 41.211 loading class com/android/build/gradle/internal/incremental/BuildInfoWriterTask$ConfigAction
Event: 41.211 loading class com/android/build/gradle/internal/incremental/BuildInfoWriterTask$ConfigAction done
Event: 41.217 loading class com/android/build/gradle/internal/ide/DependencyFailureHandler
Event: 41.217 loading class com/android/build/gradle/internal/ide/DependencyFailureHandler done
Event: 41.218 loading class com/android/builder/model/SyncIssue
Event: 41.218 loading class com/android/builder/model/SyncIssue done
Event: 41.219 loading class org/gradle/api/internal/artifacts/ivyservice/ResolvedArtifactCollectingVisitor
Event: 41.219 loading class org/gradle/api/internal/artifacts/ivyservice/ResolvedArtifactCollectingVisitor done
Event: 41.312 loading class org/gradle/internal/component/external/descriptor/Artifact
Event: 41.312 loading class org/gradle/internal/component/external/descriptor/Artifact done


Dynamic libraries:
0x00007ff7c68c0000 - 0x00007ff7c68f1000 	F:\SetUp\Android-Studio-301\jre\bin\java.exe
0x00007ffd9de40000 - 0x00007ffd9e002000 	C:\Windows\SYSTEM32\ntdll.dll
0x00007ffd9d590000 - 0x00007ffd9d63d000 	C:\Windows\system32\KERNEL32.DLL
0x00007ffd9aa20000 - 0x00007ffd9abfd000 	C:\Windows\system32\KERNELBASE.dll
0x00007ffd9bc40000 - 0x00007ffd9bce6000 	C:\Windows\system32\ADVAPI32.dll
0x00007ffd9d7f0000 - 0x00007ffd9d88d000 	C:\Windows\system32\msvcrt.dll
0x00007ffd9dde0000 - 0x00007ffd9de3b000 	C:\Windows\system32\sechost.dll
0x00007ffd9d890000 - 0x00007ffd9d9b6000 	C:\Windows\system32\RPCRT4.dll
0x00007ffd9b740000 - 0x00007ffd9b88e000 	C:\Windows\system32\USER32.dll
0x00007ffd9b900000 - 0x00007ffd9ba85000 	C:\Windows\system32\GDI32.dll
0x00007ffd8d5c0000 - 0x00007ffd8d834000 	C:\Windows\WinSxS\amd64_microsoft.windows.common-controls_6595b64144ccf1df_6.0.10240.16384_none_f41f7b285750ef43\COMCTL32.dll
0x00007ffd9bcf0000 - 0x00007ffd9bd26000 	C:\Windows\system32\IMM32.DLL
0x00007ffd9d9d0000 - 0x00007ffd9db2c000 	C:\Windows\system32\MSCTF.dll
0x0000000067e90000 - 0x0000000067f62000 	F:\SetUp\Android-Studio-301\jre\jre\bin\msvcr100.dll
0x0000000068050000 - 0x000000006888e000 	F:\SetUp\Android-Studio-301\jre\jre\bin\server\jvm.dll
0x00007ffd9d9c0000 - 0x00007ffd9d9c8000 	C:\Windows\system32\PSAPI.DLL
0x00007ffd951f0000 - 0x00007ffd951f9000 	C:\Windows\SYSTEM32\WSOCK32.dll
0x00007ffd98360000 - 0x00007ffd98383000 	C:\Windows\SYSTEM32\WINMM.dll
0x00007ffd98390000 - 0x00007ffd9839a000 	C:\Windows\SYSTEM32\VERSION.dll
0x00007ffd9dba0000 - 0x00007ffd9dc09000 	C:\Windows\system32\WS2_32.dll
0x00007ffd9b8f0000 - 0x00007ffd9b8f8000 	C:\Windows\system32\NSI.dll
0x00007ffd98330000 - 0x00007ffd9835c000 	C:\Windows\SYSTEM32\WINMMBASE.dll
0x00007ffd9b2f0000 - 0x00007ffd9b334000 	C:\Windows\system32\cfgmgr32.dll
0x00007ffd991e0000 - 0x00007ffd99207000 	C:\Windows\SYSTEM32\DEVOBJ.dll
0x00007ffd95040000 - 0x00007ffd9504f000 	F:\SetUp\Android-Studio-301\jre\jre\bin\verify.dll
0x00007ffd876a0000 - 0x00007ffd876c9000 	F:\SetUp\Android-Studio-301\jre\jre\bin\java.dll
0x00007ffd945b0000 - 0x00007ffd945c6000 	F:\SetUp\Android-Studio-301\jre\jre\bin\zip.dll
0x00007ffd9bd30000 - 0x00007ffd9d255000 	C:\Windows\system32\SHELL32.dll
0x00007ffd9acc0000 - 0x00007ffd9b2e8000 	C:\Windows\system32\windows.storage.dll
0x00007ffd9d310000 - 0x00007ffd9d58c000 	C:\Windows\system32\combase.dll
0x00007ffd9b530000 - 0x00007ffd9b581000 	C:\Windows\system32\shlwapi.dll
0x00007ffd9a890000 - 0x00007ffd9a89f000 	C:\Windows\system32\kernel.appcore.dll
0x00007ffd9ac00000 - 0x00007ffd9acb3000 	C:\Windows\system32\shcore.dll
0x00007ffd9a8c0000 - 0x00007ffd9a90a000 	C:\Windows\system32\powrprof.dll
0x00007ffd9a8a0000 - 0x00007ffd9a8b3000 	C:\Windows\system32\profapi.dll
0x00007ffd925c0000 - 0x00007ffd925da000 	F:\SetUp\Android-Studio-301\jre\jre\bin\net.dll
0x00007ffd9a0e0000 - 0x00007ffd9a13d000 	C:\Windows\system32\mswsock.dll
0x00007ffd91ae0000 - 0x00007ffd91af1000 	F:\SetUp\Android-Studio-301\jre\jre\bin\nio.dll
0x00007ffd87570000 - 0x00007ffd8758e000 	C:\Users\D\.gradle\native\25\windows-amd64\native-platform.dll
0x00007ffd8f490000 - 0x00007ffd8f49d000 	F:\SetUp\Android-Studio-301\jre\jre\bin\management.dll
0x00007ffd9a140000 - 0x00007ffd9a157000 	C:\Windows\SYSTEM32\CRYPTSP.dll
0x00007ffd9a690000 - 0x00007ffd9a6b8000 	C:\Windows\SYSTEM32\bcrypt.dll
0x00007ffd99d90000 - 0x00007ffd99dc3000 	C:\Windows\system32\rsaenh.dll
0x00007ffd99e80000 - 0x00007ffd99e9f000 	C:\Windows\SYSTEM32\USERENV.dll
0x00007ffd9a6c0000 - 0x00007ffd9a72b000 	C:\Windows\system32\bcryptprimitives.dll
0x00007ffd9a2b0000 - 0x00007ffd9a2bb000 	C:\Windows\SYSTEM32\CRYPTBASE.dll
0x00007ffd98e40000 - 0x00007ffd98e78000 	C:\Windows\SYSTEM32\IPHLPAPI.DLL
0x00007ffd98db0000 - 0x00007ffd98dbb000 	C:\Windows\SYSTEM32\WINNSI.DLL
0x00007ffd96600000 - 0x00007ffd96616000 	C:\Windows\SYSTEM32\dhcpcsvc6.DLL
0x00007ffd96380000 - 0x00007ffd9639a000 	C:\Windows\SYSTEM32\dhcpcsvc.DLL

VM Arguments:
jvm_args: -Xmx1536m -Dfile.encoding=windows-1252 -Duser.country=US -Duser.language=en -Duser.variant 
java_command: org.gradle.launcher.daemon.bootstrap.GradleDaemon 4.1
java_class_path (initial): C:\Users\D\.gradle\wrapper\dists\gradle-4.1-all\bzyivzo6n839fup2jbap0tjew\gradle-4.1\lib\gradle-launcher-4.1.jar
Launcher Type: SUN_STANDARD

Environment Variables:
PATH=C:\ProgramData\Oracle\Java\javapath;C:\Windows\system32;C:\Windows;C:\Windows\System32\Wbem;C:\Windows\System32\WindowsPowerShell\v1.0\;C:\Program Files\Git\cmd;C:\Program Files\nodejs\;;C:\Program Files (x86)\Microsoft VS Code\bin;C:\Users\D\AppData\Roaming\npm;C:\Program Files\Heroku\bin
USERNAME=D
OS=Windows_NT
PROCESSOR_IDENTIFIER=Intel64 Family 6 Model 42 Stepping 7, GenuineIntel



---------------  S Y S T E M  ---------------

OS: Windows 10.0 , 64 bit Build 10240 (10.0.10240.16384)

CPU:total 4 (initial active 4) (2 cores per cpu, 2 threads per core) family 6 model 42 stepping 7, cmov, cx8, fxsr, mmx, sse, sse2, sse3, ssse3, sse4.1, sse4.2, popcnt, avx, aes, clmul, ht, tsc, tscinvbit

Memory: 4k page, physical 8336304k(882124k free), swap 21379500k(5280k free)

vm_info: OpenJDK 64-Bit Server VM (25.152-b01) for windows-amd64 JRE (1.8.0_152-release-915-b01), built by "builder" with MS VC++ 10.0 (VS2010)

time: Sat Feb 24 20:34:39 2018
elapsed time: 41 seconds (0d 0h 0m 41s)

